# JRE version: Java(TM) SE Runtime Environment (7.0_45-b18) (build 1.7.0_45-b18)
# Java VM: Java HotSpot(TM) Client VM (24.45-b08 mixed mode linux-x86 )
Heap
 def new generation   total 157248K, used 45585K [0x83730000, 0x8e1d0000, 0x8e1d0000)
  eden space 139776K,  28% used [0x83730000, 0x85d88598, 0x8bfb0000)
  from space 17472K,  36% used [0x8bfb0000, 0x8c5dbec0, 0x8d0c0000)
  to   space 17472K,   0% used [0x8d0c0000, 0x8d0c0000, 0x8e1d0000)
 tenured generation   total 349568K, used 204601K [0x8e1d0000, 0xa3730000, 0xa3730000)
   the space 349568K,  58% used [0x8e1d0000, 0x9a99e738, 0x9a99e800, 0xa3730000)
 compacting perm gen  total 51712K, used 51611K [0xa3730000, 0xa69b0000, 0xb3730000)
   the space 51712K,  99% used [0xa3730000, 0xa6996c30, 0xa6996e00, 0xa69b0000)
GC Heap History (10 events):
Event: 37,228 GC heap before
{Heap before GC invocations=51 (full 11):
 def new generation   total 157248K, used 141213K [0x83730000, 0x8e1d0000, 0x8e1d0000)
  eden space 139776K, 100% used [0x83730000, 0x8bfb0000, 0x8bfb0000)
  from space 17472K,   8% used [0x8d0c0000, 0x8d2275f8, 0x8e1d0000)
  to   space 17472K,   0% used [0x8bfb0000, 0x8bfb0000, 0x8d0c0000)
 tenured generation   total 349568K, used 226079K [0x8e1d0000, 0xa3730000, 0xa3730000)
   the space 349568K,  64% used [0x8e1d0000, 0x9be97e48, 0x9be98000, 0xa3730000)
 compacting perm gen  total 44800K, used 44659K [0xa3730000, 0xa62f0000, 0xb3730000)
   the space 44800K,  99% used [0xa3730000, 0xa62ccee0, 0xa62cd000, 0xa62f0000)
No shared spaces configured.
Event: 37,233 GC heap after
Heap after GC invocations=52 (full 11):
 def new generation   total 157248K, used 1331K [0x83730000, 0x8e1d0000, 0x8e1d0000)
  eden space 139776K,   0% used [0x83730000, 0x83730000, 0x8bfb0000)
  from space 17472K,   7% used [0x8bfb0000, 0x8c0fcd58, 0x8d0c0000)
  to   space 17472K,   0% used [0x8d0c0000, 0x8d0c0000, 0x8e1d0000)
 tenured generation   total 349568K, used 226216K [0x8e1d0000, 0xa3730000, 0xa3730000)
   the space 349568K,  64% used [0x8e1d0000, 0x9beba0c0, 0x9beba200, 0xa3730000)
 compacting perm gen  total 44800K, used 44659K [0xa3730000, 0xa62f0000, 0xb3730000)
   the space 44800K,  99% used [0xa3730000, 0xa62ccee0, 0xa62cd000, 0xa62f0000)
No shared spaces configured.
}
Event: 41,585 GC heap before
{Heap before GC invocations=52 (full 11):
 def new generation   total 157248K, used 141107K [0x83730000, 0x8e1d0000, 0x8e1d0000)
  eden space 139776K, 100% used [0x83730000, 0x8bfb0000, 0x8bfb0000)
  from space 17472K,   7% used [0x8bfb0000, 0x8c0fcd58, 0x8d0c0000)
  to   space 17472K,   0% used [0x8d0c0000, 0x8d0c0000, 0x8e1d0000)
 tenured generation   total 349568K, used 226216K [0x8e1d0000, 0xa3730000, 0xa3730000)
   the space 349568K,  64% used [0x8e1d0000, 0x9beba0c0, 0x9beba200, 0xa3730000)
 compacting perm gen  total 45056K, used 44839K [0xa3730000, 0xa6330000, 0xb3730000)
   the space 45056K,  99% used [0xa3730000, 0xa62f9c78, 0xa62f9e00, 0xa6330000)
No shared spaces configured.
Event: 41,607 GC heap after
Heap after GC invocations=53 (full 11):
 def new generation   total 157248K, used 3851K [0x83730000, 0x8e1d0000, 0x8e1d0000)
  eden space 139776K,   0% used [0x83730000, 0x83730000, 0x8bfb0000)
  from space 17472K,  22% used [0x8d0c0000, 0x8d482e98, 0x8e1d0000)
  to   space 17472K,   0% used [0x8bfb0000, 0x8bfb0000, 0x8d0c0000)
 tenured generation   total 349568K, used 226348K [0x8e1d0000, 0xa3730000, 0xa3730000)
   the space 349568K,  64% used [0x8e1d0000, 0x9bedb3c8, 0x9bedb400, 0xa3730000)
 compacting perm gen  total 45056K, used 44839K [0xa3730000, 0xa6330000, 0xb3730000)
   the space 45056K,  99% used [0xa3730000, 0xa62f9c78, 0xa62f9e00, 0xa6330000)
No shared spaces configured.
}
Event: 46,347 GC heap before
{Heap before GC invocations=53 (full 11):
 def new generation   total 157248K, used 68895K [0x83730000, 0x8e1d0000, 0x8e1d0000)
  eden space 139776K,  46% used [0x83730000, 0x876b4d98, 0x8bfb0000)
  from space 17472K,  22% used [0x8d0c0000, 0x8d482e98, 0x8e1d0000)
  to   space 17472K,   0% used [0x8bfb0000, 0x8bfb0000, 0x8d0c0000)
 tenured generation   total 349568K, used 226348K [0x8e1d0000, 0xa3730000, 0xa3730000)
   the space 349568K,  64% used [0x8e1d0000, 0x9bedb3c8, 0x9bedb400, 0xa3730000)
 compacting perm gen  total 45056K, used 45055K [0xa3730000, 0xa6330000, 0xb3730000)
   the space 45056K,  99% used [0xa3730000, 0xa632ff28, 0xa6330000, 0xa6330000)
No shared spaces configured.
Event: 46,828 GC heap after
Heap after GC invocations=54 (full 12):
 def new generation   total 157248K, used 0K [0x83730000, 0x8e1d0000, 0x8e1d0000)
  eden space 139776K,   0% used [0x83730000, 0x83730000, 0x8bfb0000)
  from space 17472K,   0% used [0x8d0c0000, 0x8d0c0000, 0x8e1d0000)
  to   space 17472K,   0% used [0x8bfb0000, 0x8bfb0000, 0x8d0c0000)
 tenured generation   total 349568K, used 196318K [0x8e1d0000, 0xa3730000, 0xa3730000)
   the space 349568K,  56% used [0x8e1d0000, 0x9a187b78, 0x9a187c00, 0xa3730000)
 compacting perm gen  total 45056K, used 45046K [0xa3730000, 0xa6330000, 0xb3730000)
   the space 45056K,  99% used [0xa3730000, 0xa632dbe0, 0xa632dc00, 0xa6330000)
No shared spaces configured.
}
Event: 49,272 GC heap before
{Heap before GC invocations=54 (full 12):
 def new generation   total 157248K, used 46489K [0x83730000, 0x8e1d0000, 0x8e1d0000)
  eden space 139776K,  33% used [0x83730000, 0x86496450, 0x8bfb0000)
  from space 17472K,   0% used [0x8d0c0000, 0x8d0c0000, 0x8e1d0000)
  to   space 17472K,   0% used [0x8bfb0000, 0x8bfb0000, 0x8d0c0000)
 tenured generation   total 349568K, used 196318K [0x8e1d0000, 0xa3730000, 0xa3730000)
   the space 349568K,  56% used [0x8e1d0000, 0x9a187b78, 0x9a187c00, 0xa3730000)
 compacting perm gen  total 49152K, used 49151K [0xa3730000, 0xa6730000, 0xb3730000)
   the space 49152K,  99% used [0xa3730000, 0xa672ffe8, 0xa6730000, 0xa6730000)
No shared spaces configured.
Event: 49,667 GC heap after
Heap after GC invocations=55 (full 13):
 def new generation   total 157248K, used 0K [0x83730000, 0x8e1d0000, 0x8e1d0000)
  eden space 139776K,   0% used [0x83730000, 0x83730000, 0x8bfb0000)
  from space 17472K,   0% used [0x8d0c0000, 0x8d0c0000, 0x8e1d0000)
  to   space 17472K,   0% used [0x8bfb0000, 0x8bfb0000, 0x8d0c0000)
 tenured generation   total 349568K, used 204601K [0x8e1d0000, 0xa3730000, 0xa3730000)
   the space 349568K,  58% used [0x8e1d0000, 0x9a99e738, 0x9a99e800, 0xa3730000)
 compacting perm gen  total 49152K, used 49151K [0xa3730000, 0xa6730000, 0xb3730000)
   the space 49152K,  99% used [0xa3730000, 0xa672ffe8, 0xa6730000, 0xa6730000)
No shared spaces configured.
}
Event: 52,803 GC heap before
{Heap before GC invocations=55 (full 13):
 def new generation   total 157248K, used 139776K [0x83730000, 0x8e1d0000, 0x8e1d0000)
  eden space 139776K, 100% used [0x83730000, 0x8bfb0000, 0x8bfb0000)
  from space 17472K,   0% used [0x8d0c0000, 0x8d0c0000, 0x8e1d0000)
  to   space 17472K,   0% used [0x8bfb0000, 0x8bfb0000, 0x8d0c0000)
 tenured generation   total 349568K, used 204601K [0x8e1d0000, 0xa3730000, 0xa3730000)
   the space 349568K,  58% used [0x8e1d0000, 0x9a99e738, 0x9a99e800, 0xa3730000)
 compacting perm gen  total 51456K, used 51298K [0xa3730000, 0xa6970000, 0xb3730000)
   the space 51456K,  99% used [0xa3730000, 0xa6948ba0, 0xa6948c00, 0xa6970000)
No shared spaces configured.
Event: 52,832 GC heap after
Heap after GC invocations=56 (full 13):
 def new generation   total 157248K, used 6319K [0x83730000, 0x8e1d0000, 0x8e1d0000)
  eden space 139776K,   0% used [0x83730000, 0x83730000, 0x8bfb0000)
  from space 17472K,  36% used [0x8bfb0000, 0x8c5dbec0, 0x8d0c0000)
  to   space 17472K,   0% used [0x8d0c0000, 0x8d0c0000, 0x8e1d0000)
 tenured generation   total 349568K, used 204601K [0x8e1d0000, 0xa3730000, 0xa3730000)
   the space 349568K,  58% used [0x8e1d0000, 0x9a99e738, 0x9a99e800, 0xa3730000)
 compacting perm gen  total 51456K, used 51298K [0xa3730000, 0xa6970000, 0xb3730000)
   the space 51456K,  99% used [0xa3730000, 0xa6948ba0, 0xa6948c00, 0xa6970000)
No shared spaces configured.
}

